<?xml version="1.0" encoding="UTF-8"?>
<!-- Generated by org.testng.reporters.JUnitReportReporter -->
<testsuite skipped="0" hostname="HECI-FPHMJT2" name="script.Test1" tests="1" failures="0" timestamp="04 Mar 2022 02:21:30 GMT" time="39.293" errors="0">
  <testcase name="testA" time="39.293" classname="script.Test1"/>
</testsuite> <!-- script.Test1 -->
