<?xml version="1.0" encoding="UTF-8"?>
<!-- Generated by org.testng.reporters.JUnitReportReporter -->
<testsuite skipped="0" hostname="HECI-FPHMJT2" name="script.Test1" tests="1" failures="0" timestamp="07 Mar 2022 02:38:57 GMT" time="30.467" errors="0">
  <testcase name="testA" time="30.467" classname="script.Test1"/>
</testsuite> <!-- script.Test1 -->
