<?xml version="1.0" encoding="UTF-8"?>
<!-- Generated by org.testng.reporters.JUnitReportReporter -->
<testsuite skipped="0" hostname="HECI-FPHMJT2" name="p29.Demo1" tests="1" failures="0" timestamp="02 Mar 2022 02:43:09 GMT" time="39.974" errors="0">
  <testcase name="testA" time="39.974" classname="p29.Demo1"/>
</testsuite> <!-- p29.Demo1 -->
