<?xml version="1.0" encoding="UTF-8"?>
<!-- Generated by org.testng.reporters.JUnitReportReporter -->
<testsuite skipped="0" hostname="HECI-FPHMJT2" name="script.InvalidLogin" tests="1" failures="0" timestamp="09 Mar 2022 02:43:34 GMT" time="36.908" errors="0">
  <testcase name="testInvalidLogin" time="36.908" classname="script.InvalidLogin"/>
</testsuite> <!-- script.InvalidLogin -->
