<?xml version="1.0" encoding="UTF-8"?>
<!-- Generated by org.testng.reporters.JUnitReportReporter -->
<testsuite skipped="0" hostname="HECI-FPHMJT2" name="p29.Demo2" tests="1" failures="0" timestamp="02 Mar 2022 03:01:04 GMT" time="116.728" errors="0">
  <testcase name="testA" time="116.728" classname="p29.Demo2"/>
</testsuite> <!-- p29.Demo2 -->
