<?xml version="1.0" encoding="UTF-8"?>
<!-- Generated by org.testng.reporters.JUnitReportReporter -->
<testsuite skipped="0" hostname="HECI-FPHMJT2" name="script.ValidLogin" tests="1" failures="0" timestamp="09 Mar 2022 03:49:32 GMT" time="82.390" errors="0">
  <testcase name="testValidLogin" time="82.390" classname="script.ValidLogin"/>
</testsuite> <!-- script.ValidLogin -->
